<?xml version="1.0" encoding="UTF-8"?>
<!-- Generated by org.testng.reporters.JUnitXMLReporter -->
<testsuite hostname="user-pc" tests="3" failures="1" timestamp="30 Jun 2017 06:52:47 GMT" time="15.11" errors="0">
  <testcase name="testcase1" time="0.0" classname="TestFor1">
    <failure type="java.lang.AssertionError" message="expected [true] but found [false]">
      <![CDATA[java.lang.AssertionError: expected [true] but found [false]
	at TestFor1.testcase1(TestFor1.java:12)
... Removed 27 stack frames]]>
    </failure>
  </testcase> <!-- testcase1 -->
  <testcase name="testcase2" time="0.0" classname="TestFor1"/>
  <testcase name="f" time="10.246" classname="SeleniumChromeTest"/>
</testsuite>
