<html xmlns:math="http://exslt.org/math" xmlns:testng="http://testng.org">
   <head>
      <title>TestNG Results</title>
      <meta http-equiv="content-type" content="text/html; charset=utf-8"></meta>
      <meta http-equiv="pragma" content="no-cache"></meta>
      <meta http-equiv="cache-control" content="max-age=0"></meta>
      <meta http-equiv="cache-control" content="no-cache"></meta>
      <meta http-equiv="cache-control" content="no-store"></meta>
      <LINK rel="stylesheet" href="style.css"></LINK>
      <script type="text/javascript" src="main.js"></script>
   </head>
   <body>
      <table width="100%" style="font-size: 16px; margin-bottom: 10px;" cellspacing="1">
         <tr>
            <td width="100%">
               All methods in suite
               
               <b>suit</b>
            </td>
            <td style="background-color: #FFBBBB; padding: 3px 3px 3px 0;" align="center">
               <div style="width: 50px;">1</div>
            </td>
            <td style="background-color: lightgreen; padding: 3px 3px 3px 0;" align="center">
               <div style="width: 50px;">4</div>
            </td>
            <td style="background-color: #FFFFBB; padding: 3px 3px 3px 0;" align="center">
               <div style="width: 50px;">0</div>
            </td>
            <td align="center" style="background-color: #eaf0f7; padding: 3px 3px 3px 0;">
               <div style="width: 50px;">5</div>
            </td>
            <td align="center"
                style="font-weight: bold; background-color: #eaf0f7; padding: 3px 3px 3px 0;">
               <div style="width: 50px;">80%</div>
            </td>
         </tr>
      </table>
      <div style="width: 200px;">
         <label for="groupMethodsCheckBox" style="font-weight: bold; margin: 0;">
            <input id="groupMethodsCheckBox" type="checkbox" onclick="switchTestMethodsView(this)"></input>
            Group by class
            
         </label>
         <br></br>
         <label for="methodsFilter_ALL" style="font-weight: bold; margin: 0;">
            <input id="methodsFilter_ALL" type="checkbox"
                   onclick="testMethodsFilterChanged(this, 'ALL')"></input>
            All
            
         </label>
      </div>
      <label for="methodsFilter_FAIL" style="margin-left: 20px;">
         <input id="methodsFilter_FAIL" type="checkbox"
                onclick="testMethodsFilterChanged(this, 'FAIL')"
                checked=""></input>
         Failed
         
      </label>
      <label for="methodsFilter_PASS">
         <input id="methodsFilter_PASS" type="checkbox"
                onclick="testMethodsFilterChanged(this, 'PASS')"
                checked=""></input>
         Passed
         
      </label>
      <label for="methodsFilter_SKIP">
         <input id="methodsFilter_SKIP" type="checkbox"
                onclick="testMethodsFilterChanged(this, 'SKIP')"
                checked=""></input>
         Skipped
         
      </label>
      <label for="methodsFilter_CONF">
         <input id="methodsFilter_CONF" type="checkbox"
                onclick="testMethodsFilterChanged(this, 'CONF')"></input>
         Config
         
      </label>
      <br></br>
      <div id="testMethodsByStatus">
         <table class="testMethodsTable" cellpadding="0" cellspacing="0">
            <tr class="methodsTableHeader">
               <td width="100%">Name</td>
               <td nowrap="true">Started</td>
               <td nowrap="true">Duration</td>
               <td>Exception</td>
            </tr>
            <tr id="TestFor1_testcase1_byStatus_failed_FAIL1_row" class="testMethodStatusFAIL">
               <td width="100%" class="firstMethodCell">
                  <a onclick="toggleDetailsVisibility('TestFor1_testcase1_byStatus_failed_FAIL1_details')">testcase1()</a>
               </td>
               <td nowrap="true">14:52:32</td>
               <td nowrap="true" align="right">0 ms
                  
               </td>
               <td nowrap="true">
                  <a onclick="toggleDetailsVisibility('TestFor1_testcase1_byStatus_failed_FAIL1_exception')">java.lang.AssertionError: 
                     expected [true] but found [false]
                     
                  </a>
                   
                  
               </td>
            </tr>
            <tr>
               <td colspan="4"
                   style="padding: 0; background-color: white; border-style: none; height: 0px;">
                  <div id="TestFor1_testcase1_byStatus_failed_FAIL1_details" class="testMethodDetails">
                     <div>
                        <b>Name:
                           
                        </b>testcase1
                     </div>
                     <div>
                        <b>Signature:
                           
                        </b>testcase1()[pri:0, instance:TestFor1@4cdbe50f]
                     </div>
                     <div>
                        <b>Start time:
                           
                        </b>14:52:32
                     </div>
                     <div>
                        <b>End time:
                           
                        </b>14:52:32
                     </div>
                     <div>
                        <b>Duration:
                           
                        </b>0 ms
                        
                     </div>
                  </div>
               </td>
            </tr>
            <tr>
               <td colspan="4"
                   style="padding: 0; background-color: white; border-style: none; height: 0px;">
                  <div id="TestFor1_testcase1_byStatus_failed_FAIL1_exception"
                       class="testMethodDetails">
                     <pre style="padding: 5px; margin: 0;">java.lang.AssertionError: expected [true] but found [false]
                        	at org.testng.Assert.fail(Assert.java:94)
                        	at org.testng.Assert.failNotEquals(Assert.java:494)
                        	at org.testng.Assert.assertTrue(Assert.java:42)
                        	at org.testng.Assert.assertTrue(Assert.java:52)
                        	at TestFor1.testcase1(TestFor1.java:12)
                        	at sun.reflect.NativeMethodAccessorImpl.invoke0(Native Method)
                        	at sun.reflect.NativeMethodAccessorImpl.invoke(NativeMethodAccessorImpl.java:62)
                        	at sun.reflect.DelegatingMethodAccessorImpl.invoke(DelegatingMethodAccessorImpl.java:43)
                        	at java.lang.reflect.Method.invoke(Method.java:483)
                        	at org.testng.internal.MethodInvocationHelper.invokeMethod(MethodInvocationHelper.java:80)
                        	at org.testng.internal.Invoker.invokeMethod(Invoker.java:714)
                        	at org.testng.internal.Invoker.invokeTestMethod(Invoker.java:901)
                        	at org.testng.internal.Invoker.invokeTestMethods(Invoker.java:1231)
                        	at org.testng.internal.TestMethodWorker.invokeTestMethods(TestMethodWorker.java:127)
                        	at org.testng.internal.TestMethodWorker.run(TestMethodWorker.java:111)
                        	at org.testng.TestRunner.privateRun(TestRunner.java:767)
                        	at org.testng.TestRunner.run(TestRunner.java:617)
                        	at org.testng.SuiteRunner.runTest(SuiteRunner.java:334)
                        	at org.testng.SuiteRunner.runSequentially(SuiteRunner.java:329)
                        	at org.testng.SuiteRunner.privateRun(SuiteRunner.java:291)
                        	at org.testng.SuiteRunner.run(SuiteRunner.java:240)
                        	at org.testng.SuiteRunnerWorker.runSuite(SuiteRunnerWorker.java:52)
                        	at org.testng.SuiteRunnerWorker.run(SuiteRunnerWorker.java:86)
                        	at org.testng.TestNG.runSuitesSequentially(TestNG.java:1198)
                        	at org.testng.TestNG.runSuitesLocally(TestNG.java:1123)
                        	at org.testng.TestNG.run(TestNG.java:1031)
                        	at org.testng.IDEARemoteTestNG.run(IDEARemoteTestNG.java:72)
                        	at org.testng.RemoteTestNGStarter.main(RemoteTestNGStarter.java:127)
                     </pre>
                  </div>
               </td>
            </tr>
            <tr id="TestFor1_testcase2_byStatus_passed_PASS1_row" class="testMethodStatusPASS">
               <td width="100%" class="firstMethodCell">
                  <a onclick="toggleDetailsVisibility('TestFor1_testcase2_byStatus_passed_PASS1_details')">testcase2()</a>
               </td>
               <td nowrap="true">14:52:32</td>
               <td nowrap="true" align="right">0 ms
                  
               </td>
               <td nowrap="true">
                   
                  
               </td>
            </tr>
            <tr>
               <td colspan="4"
                   style="padding: 0; background-color: white; border-style: none; height: 0px;">
                  <div id="TestFor1_testcase2_byStatus_passed_PASS1_details" class="testMethodDetails">
                     <div>
                        <b>Name:
                           
                        </b>testcase2
                     </div>
                     <div>
                        <b>Signature:
                           
                        </b>testcase2()[pri:0, instance:TestFor1@4cdbe50f]
                     </div>
                     <div>
                        <b>Start time:
                           
                        </b>14:52:32
                     </div>
                     <div>
                        <b>End time:
                           
                        </b>14:52:32
                     </div>
                     <div>
                        <b>Duration:
                           
                        </b>0 ms
                        
                     </div>
                  </div>
               </td>
            </tr>
            <tr></tr>
            <tr id="SeleniumChromeTest_beforeMethod_byStatus_passed_PASS2_row"
                class="testMethodStatusPASS testMethodStatusCONF">
               <td width="100%" class="firstMethodCell">
                  <a onclick="toggleDetailsVisibility('SeleniumChromeTest_beforeMethod_byStatus_passed_PASS2_details')">beforeMethod()</a>
               </td>
               <td nowrap="true">14:52:32</td>
               <td nowrap="true" align="right">3s
                  
               </td>
               <td nowrap="true">
                   
                  
               </td>
            </tr>
            <tr>
               <td colspan="4"
                   style="padding: 0; background-color: white; border-style: none; height: 0px;">
                  <div id="SeleniumChromeTest_beforeMethod_byStatus_passed_PASS2_details"
                       class="testMethodDetails">
                     <div>
                        <b>Name:
                           
                        </b>beforeMethod
                     </div>
                     <div>
                        <b>Signature:
                           
                        </b>beforeMethod()[pri:0, instance:SeleniumChromeTest@d7b1517]
                     </div>
                     <div>
                        <b>Start time:
                           
                        </b>14:52:32
                     </div>
                     <div>
                        <b>End time:
                           
                        </b>14:52:35
                     </div>
                     <div>
                        <b>Duration:
                           
                        </b>3s
                        
                     </div>
                  </div>
               </td>
            </tr>
            <tr></tr>
            <tr id="SeleniumChromeTest_f_byStatus_passed_PASS3_row"
                class="testMethodStatusPASS">
               <td width="100%" class="firstMethodCell">
                  <a onclick="toggleDetailsVisibility('SeleniumChromeTest_f_byStatus_passed_PASS3_details')">f()</a>
               </td>
               <td nowrap="true">14:52:35</td>
               <td nowrap="true" align="right">10s
                  
               </td>
               <td nowrap="true">
                   
                  
               </td>
            </tr>
            <tr>
               <td colspan="4"
                   style="padding: 0; background-color: white; border-style: none; height: 0px;">
                  <div id="SeleniumChromeTest_f_byStatus_passed_PASS3_details"
                       class="testMethodDetails">
                     <div>
                        <b>Name:
                           
                        </b>f
                     </div>
                     <div>
                        <b>Signature:
                           
                        </b>f()[pri:0, instance:SeleniumChromeTest@d7b1517]
                     </div>
                     <div>
                        <b>Start time:
                           
                        </b>14:52:35
                     </div>
                     <div>
                        <b>End time:
                           
                        </b>14:52:45
                     </div>
                     <div>
                        <b>Duration:
                           
                        </b>10s
                        
                     </div>
                  </div>
               </td>
            </tr>
            <tr></tr>
            <tr id="SeleniumChromeTest_afterMethod_byStatus_passed_PASS4_row"
                class="testMethodStatusPASS testMethodStatusCONF">
               <td width="100%" class="firstMethodCell">
                  <a onclick="toggleDetailsVisibility('SeleniumChromeTest_afterMethod_byStatus_passed_PASS4_details')">afterMethod()</a>
               </td>
               <td nowrap="true">14:52:45</td>
               <td nowrap="true" align="right">2s
                  
               </td>
               <td nowrap="true">
                   
                  
               </td>
            </tr>
            <tr>
               <td colspan="4"
                   style="padding: 0; background-color: white; border-style: none; height: 0px;">
                  <div id="SeleniumChromeTest_afterMethod_byStatus_passed_PASS4_details"
                       class="testMethodDetails">
                     <div>
                        <b>Name:
                           
                        </b>afterMethod
                     </div>
                     <div>
                        <b>Signature:
                           
                        </b>afterMethod()[pri:0, instance:SeleniumChromeTest@d7b1517]
                     </div>
                     <div>
                        <b>Start time:
                           
                        </b>14:52:45
                     </div>
                     <div>
                        <b>End time:
                           
                        </b>14:52:47
                     </div>
                     <div>
                        <b>Duration:
                           
                        </b>2s
                        
                     </div>
                  </div>
               </td>
            </tr>
            <tr></tr>
            <tr id="LoginTest_testcase001_byStatus_passed_PASS5_row"
                class="testMethodStatusPASS">
               <td width="100%" class="firstMethodCell">
                  <a onclick="toggleDetailsVisibility('LoginTest_testcase001_byStatus_passed_PASS5_details')">testcase001()</a>
               </td>
               <td nowrap="true">14:52:47</td>
               <td nowrap="true" align="right">0 ms
                  
               </td>
               <td nowrap="true">
                   
                  
               </td>
            </tr>
            <tr>
               <td colspan="4"
                   style="padding: 0; background-color: white; border-style: none; height: 0px;">
                  <div id="LoginTest_testcase001_byStatus_passed_PASS5_details"
                       class="testMethodDetails">
                     <div>
                        <b>Name:
                           
                        </b>testcase001
                     </div>
                     <div>
                        <b>Signature:
                           
                        </b>testcase001()[pri:0, instance:LoginTest@e580929]
                     </div>
                     <div>
                        <b>Start time:
                           
                        </b>14:52:47
                     </div>
                     <div>
                        <b>End time:
                           
                        </b>14:52:47
                     </div>
                     <div>
                        <b>Duration:
                           
                        </b>0 ms
                        
                     </div>
                  </div>
               </td>
            </tr>
            <tr></tr>
            <tr id="LoginTest_testcase002_byStatus_passed_PASS6_row"
                class="testMethodStatusPASS">
               <td width="100%" class="firstMethodCell">
                  <a onclick="toggleDetailsVisibility('LoginTest_testcase002_byStatus_passed_PASS6_details')">testcase002()</a>
               </td>
               <td nowrap="true">14:52:47</td>
               <td nowrap="true" align="right">0 ms
                  
               </td>
               <td nowrap="true">
                   
                  
               </td>
            </tr>
            <tr>
               <td colspan="4"
                   style="padding: 0; background-color: white; border-style: none; height: 0px;">
                  <div id="LoginTest_testcase002_byStatus_passed_PASS6_details"
                       class="testMethodDetails">
                     <div>
                        <b>Name:
                           
                        </b>testcase002
                     </div>
                     <div>
                        <b>Signature:
                           
                        </b>testcase002()[pri:0, instance:LoginTest@e580929]
                     </div>
                     <div>
                        <b>Start time:
                           
                        </b>14:52:47
                     </div>
                     <div>
                        <b>End time:
                           
                        </b>14:52:47
                     </div>
                     <div>
                        <b>Duration:
                           
                        </b>0 ms
                        
                     </div>
                  </div>
               </td>
            </tr>
            <tr></tr>
         </table>
      </div>
      <div id="testMethodsByClass" style="display: none;">
         <table class="testMethodsTable" cellpadding="0" cellspacing="0">
            <tr>
               <td colspan="4">
                  <h3 style="display: inline;">LoginTest</h3>
               </td>
            </tr>
            <tr class="methodsTableHeader">
               <td width="100%">Name</td>
               <td nowrap="true">Started</td>
               <td nowrap="true">Duration</td>
               <td>Exception</td>
            </tr>
            <tr id="LoginTest_testcase001_byClass_PASS1_row" class="testMethodStatusPASS">
               <td width="100%" class="firstMethodCell">
                  <a onclick="toggleDetailsVisibility('LoginTest_testcase001_byClass_PASS1_details')">testcase001()</a>
               </td>
               <td nowrap="true">14:52:47</td>
               <td nowrap="true" align="right">0 ms
                  
               </td>
               <td nowrap="true">
                   
                  
               </td>
            </tr>
            <tr>
               <td colspan="4"
                   style="padding: 0; background-color: white; border-style: none; height: 0px;">
                  <div id="LoginTest_testcase001_byClass_PASS1_details" class="testMethodDetails">
                     <div>
                        <b>Name:
                           
                        </b>testcase001
                     </div>
                     <div>
                        <b>Signature:
                           
                        </b>testcase001()[pri:0, instance:LoginTest@e580929]
                     </div>
                     <div>
                        <b>Start time:
                           
                        </b>14:52:47
                     </div>
                     <div>
                        <b>End time:
                           
                        </b>14:52:47
                     </div>
                     <div>
                        <b>Duration:
                           
                        </b>0 ms
                        
                     </div>
                  </div>
               </td>
            </tr>
            <tr></tr>
            <tr id="LoginTest_testcase002_byClass_PASS2_row" class="testMethodStatusPASS">
               <td width="100%" class="firstMethodCell">
                  <a onclick="toggleDetailsVisibility('LoginTest_testcase002_byClass_PASS2_details')">testcase002()</a>
               </td>
               <td nowrap="true">14:52:47</td>
               <td nowrap="true" align="right">0 ms
                  
               </td>
               <td nowrap="true">
                   
                  
               </td>
            </tr>
            <tr>
               <td colspan="4"
                   style="padding: 0; background-color: white; border-style: none; height: 0px;">
                  <div id="LoginTest_testcase002_byClass_PASS2_details" class="testMethodDetails">
                     <div>
                        <b>Name:
                           
                        </b>testcase002
                     </div>
                     <div>
                        <b>Signature:
                           
                        </b>testcase002()[pri:0, instance:LoginTest@e580929]
                     </div>
                     <div>
                        <b>Start time:
                           
                        </b>14:52:47
                     </div>
                     <div>
                        <b>End time:
                           
                        </b>14:52:47
                     </div>
                     <div>
                        <b>Duration:
                           
                        </b>0 ms
                        
                     </div>
                  </div>
               </td>
            </tr>
            <tr></tr>
         </table>
         <br></br>
         <table class="testMethodsTable" cellpadding="0" cellspacing="0">
            <tr>
               <td colspan="4">
                  <h3 style="display: inline;">SeleniumChromeTest</h3>
               </td>
            </tr>
            <tr class="methodsTableHeader">
               <td width="100%">Name</td>
               <td nowrap="true">Started</td>
               <td nowrap="true">Duration</td>
               <td>Exception</td>
            </tr>
            <tr id="SeleniumChromeTest_beforeMethod_byClass_PASS1_row"
                class="testMethodStatusPASS testMethodStatusCONF">
               <td width="100%" class="firstMethodCell">
                  <a onclick="toggleDetailsVisibility('SeleniumChromeTest_beforeMethod_byClass_PASS1_details')">beforeMethod()</a>
               </td>
               <td nowrap="true">14:52:32</td>
               <td nowrap="true" align="right">3s
                  
               </td>
               <td nowrap="true">
                   
                  
               </td>
            </tr>
            <tr>
               <td colspan="4"
                   style="padding: 0; background-color: white; border-style: none; height: 0px;">
                  <div id="SeleniumChromeTest_beforeMethod_byClass_PASS1_details"
                       class="testMethodDetails">
                     <div>
                        <b>Name:
                           
                        </b>beforeMethod
                     </div>
                     <div>
                        <b>Signature:
                           
                        </b>beforeMethod()[pri:0, instance:SeleniumChromeTest@d7b1517]
                     </div>
                     <div>
                        <b>Start time:
                           
                        </b>14:52:32
                     </div>
                     <div>
                        <b>End time:
                           
                        </b>14:52:35
                     </div>
                     <div>
                        <b>Duration:
                           
                        </b>3s
                        
                     </div>
                  </div>
               </td>
            </tr>
            <tr></tr>
            <tr id="SeleniumChromeTest_f_byClass_PASS2_row" class="testMethodStatusPASS">
               <td width="100%" class="firstMethodCell">
                  <a onclick="toggleDetailsVisibility('SeleniumChromeTest_f_byClass_PASS2_details')">f()</a>
               </td>
               <td nowrap="true">14:52:35</td>
               <td nowrap="true" align="right">10s
                  
               </td>
               <td nowrap="true">
                   
                  
               </td>
            </tr>
            <tr>
               <td colspan="4"
                   style="padding: 0; background-color: white; border-style: none; height: 0px;">
                  <div id="SeleniumChromeTest_f_byClass_PASS2_details" class="testMethodDetails">
                     <div>
                        <b>Name:
                           
                        </b>f
                     </div>
                     <div>
                        <b>Signature:
                           
                        </b>f()[pri:0, instance:SeleniumChromeTest@d7b1517]
                     </div>
                     <div>
                        <b>Start time:
                           
                        </b>14:52:35
                     </div>
                     <div>
                        <b>End time:
                           
                        </b>14:52:45
                     </div>
                     <div>
                        <b>Duration:
                           
                        </b>10s
                        
                     </div>
                  </div>
               </td>
            </tr>
            <tr></tr>
            <tr id="SeleniumChromeTest_afterMethod_byClass_PASS3_row"
                class="testMethodStatusPASS testMethodStatusCONF">
               <td width="100%" class="firstMethodCell">
                  <a onclick="toggleDetailsVisibility('SeleniumChromeTest_afterMethod_byClass_PASS3_details')">afterMethod()</a>
               </td>
               <td nowrap="true">14:52:45</td>
               <td nowrap="true" align="right">2s
                  
               </td>
               <td nowrap="true">
                   
                  
               </td>
            </tr>
            <tr>
               <td colspan="4"
                   style="padding: 0; background-color: white; border-style: none; height: 0px;">
                  <div id="SeleniumChromeTest_afterMethod_byClass_PASS3_details"
                       class="testMethodDetails">
                     <div>
                        <b>Name:
                           
                        </b>afterMethod
                     </div>
                     <div>
                        <b>Signature:
                           
                        </b>afterMethod()[pri:0, instance:SeleniumChromeTest@d7b1517]
                     </div>
                     <div>
                        <b>Start time:
                           
                        </b>14:52:45
                     </div>
                     <div>
                        <b>End time:
                           
                        </b>14:52:47
                     </div>
                     <div>
                        <b>Duration:
                           
                        </b>2s
                        
                     </div>
                  </div>
               </td>
            </tr>
            <tr></tr>
         </table>
         <br></br>
         <table class="testMethodsTable" cellpadding="0" cellspacing="0">
            <tr>
               <td colspan="4">
                  <h3 style="display: inline;">TestFor1</h3>
               </td>
            </tr>
            <tr class="methodsTableHeader">
               <td width="100%">Name</td>
               <td nowrap="true">Started</td>
               <td nowrap="true">Duration</td>
               <td>Exception</td>
            </tr>
            <tr id="TestFor1_testcase2_byClass_PASS1_row" class="testMethodStatusPASS">
               <td width="100%" class="firstMethodCell">
                  <a onclick="toggleDetailsVisibility('TestFor1_testcase2_byClass_PASS1_details')">testcase2()</a>
               </td>
               <td nowrap="true">14:52:32</td>
               <td nowrap="true" align="right">0 ms
                  
               </td>
               <td nowrap="true">
                   
                  
               </td>
            </tr>
            <tr>
               <td colspan="4"
                   style="padding: 0; background-color: white; border-style: none; height: 0px;">
                  <div id="TestFor1_testcase2_byClass_PASS1_details" class="testMethodDetails">
                     <div>
                        <b>Name:
                           
                        </b>testcase2
                     </div>
                     <div>
                        <b>Signature:
                           
                        </b>testcase2()[pri:0, instance:TestFor1@4cdbe50f]
                     </div>
                     <div>
                        <b>Start time:
                           
                        </b>14:52:32
                     </div>
                     <div>
                        <b>End time:
                           
                        </b>14:52:32
                     </div>
                     <div>
                        <b>Duration:
                           
                        </b>0 ms
                        
                     </div>
                  </div>
               </td>
            </tr>
            <tr></tr>
            <tr id="TestFor1_testcase1_byClass_FAIL2_row" class="testMethodStatusFAIL">
               <td width="100%" class="firstMethodCell">
                  <a onclick="toggleDetailsVisibility('TestFor1_testcase1_byClass_FAIL2_details')">testcase1()</a>
               </td>
               <td nowrap="true">14:52:32</td>
               <td nowrap="true" align="right">0 ms
                  
               </td>
               <td nowrap="true">
                  <a onclick="toggleDetailsVisibility('TestFor1_testcase1_byClass_FAIL2_exception')">java.lang.AssertionError: 
                     expected [true] but found [false]
                     
                  </a>
                   
                  
               </td>
            </tr>
            <tr>
               <td colspan="4"
                   style="padding: 0; background-color: white; border-style: none; height: 0px;">
                  <div id="TestFor1_testcase1_byClass_FAIL2_details" class="testMethodDetails">
                     <div>
                        <b>Name:
                           
                        </b>testcase1
                     </div>
                     <div>
                        <b>Signature:
                           
                        </b>testcase1()[pri:0, instance:TestFor1@4cdbe50f]
                     </div>
                     <div>
                        <b>Start time:
                           
                        </b>14:52:32
                     </div>
                     <div>
                        <b>End time:
                           
                        </b>14:52:32
                     </div>
                     <div>
                        <b>Duration:
                           
                        </b>0 ms
                        
                     </div>
                  </div>
               </td>
            </tr>
            <tr>
               <td colspan="4"
                   style="padding: 0; background-color: white; border-style: none; height: 0px;">
                  <div id="TestFor1_testcase1_byClass_FAIL2_exception" class="testMethodDetails">
                     <pre style="padding: 5px; margin: 0;">java.lang.AssertionError: expected [true] but found [false]
                        	at org.testng.Assert.fail(Assert.java:94)
                        	at org.testng.Assert.failNotEquals(Assert.java:494)
                        	at org.testng.Assert.assertTrue(Assert.java:42)
                        	at org.testng.Assert.assertTrue(Assert.java:52)
                        	at TestFor1.testcase1(TestFor1.java:12)
                        	at sun.reflect.NativeMethodAccessorImpl.invoke0(Native Method)
                        	at sun.reflect.NativeMethodAccessorImpl.invoke(NativeMethodAccessorImpl.java:62)
                        	at sun.reflect.DelegatingMethodAccessorImpl.invoke(DelegatingMethodAccessorImpl.java:43)
                        	at java.lang.reflect.Method.invoke(Method.java:483)
                        	at org.testng.internal.MethodInvocationHelper.invokeMethod(MethodInvocationHelper.java:80)
                        	at org.testng.internal.Invoker.invokeMethod(Invoker.java:714)
                        	at org.testng.internal.Invoker.invokeTestMethod(Invoker.java:901)
                        	at org.testng.internal.Invoker.invokeTestMethods(Invoker.java:1231)
                        	at org.testng.internal.TestMethodWorker.invokeTestMethods(TestMethodWorker.java:127)
                        	at org.testng.internal.TestMethodWorker.run(TestMethodWorker.java:111)
                        	at org.testng.TestRunner.privateRun(TestRunner.java:767)
                        	at org.testng.TestRunner.run(TestRunner.java:617)
                        	at org.testng.SuiteRunner.runTest(SuiteRunner.java:334)
                        	at org.testng.SuiteRunner.runSequentially(SuiteRunner.java:329)
                        	at org.testng.SuiteRunner.privateRun(SuiteRunner.java:291)
                        	at org.testng.SuiteRunner.run(SuiteRunner.java:240)
                        	at org.testng.SuiteRunnerWorker.runSuite(SuiteRunnerWorker.java:52)
                        	at org.testng.SuiteRunnerWorker.run(SuiteRunnerWorker.java:86)
                        	at org.testng.TestNG.runSuitesSequentially(TestNG.java:1198)
                        	at org.testng.TestNG.runSuitesLocally(TestNG.java:1123)
                        	at org.testng.TestNG.run(TestNG.java:1031)
                        	at org.testng.IDEARemoteTestNG.run(IDEARemoteTestNG.java:72)
                        	at org.testng.RemoteTestNGStarter.main(RemoteTestNGStarter.java:127)
                     </pre>
                  </div>
               </td>
            </tr>
         </table>
         <br></br>
      </div>
      <div style="margin-top: 15px; color: gray; text-align: center; font-size: 9px;">
         Generated with
         
         <a href="http://code.google.com/p/testng-xslt/" style="color: #8888aa;"
            target="_blank">
            TestNG XSLT
            
         </a>
      </div>
   </body>
</html>